<?xml version="1.0" encoding="UTF-8"?>
<testng-results ignored="0" total="1" passed="1" failed="0" skipped="0">
  <reporter-output>
  </reporter-output>
  <suite started-at="2021-09-03T17:43:50 IST" name="Surefire suite" finished-at="2021-09-03T17:44:45 IST" duration-ms="54387">
    <groups>
    </groups>
    <test started-at="2021-09-03T17:43:50 IST" name="Surefire test" finished-at="2021-09-03T17:44:45 IST" duration-ms="54387">
      <class name="cucumber.AppTest">
        <test-method signature="shouldAnswerWithTrue()" started-at="2021-09-03T17:43:50 IST" name="shouldAnswerWithTrue" finished-at="2021-09-03T17:43:50 IST" duration-ms="6" status="PASS">
          <reporter-output>
          </reporter-output>
        </test-method> <!-- shouldAnswerWithTrue -->
      </class> <!-- cucumber.AppTest -->
    </test> <!-- Surefire test -->
  </suite> <!-- Surefire suite -->
</testng-results>
