<?xml version="1.0" encoding="UTF-8"?>
<testsuite xmlns:xsi="http://www.w3.org/2001/XMLSchema-instance" xsi:noNamespaceSchemaLocation="https://maven.apache.org/surefire/maven-surefire-plugin/xsd/surefire-test-report-3.0.xsd" version="3.0" name="cucumberOptions.TestRunner" time="81.348" tests="17" errors="2" skipped="4" failures="0">
  <properties>
[...]
</properties>
  <testcase name="Access WebDriverManager For AnnaHelpLine" classname="AnnaHelp Line" time="3.756"/>
  <testcase name="Launch chrome browser for AnnaHelpLine" classname="AnnaHelp Line" time="9.366"/>
  <testcase name="Click Login for AnnaHelpLine" classname="AnnaHelp Line" time="0.172"/>
  <testcase name="Enter Phone number for AnnaHelpLine" classname="AnnaHelp Line" time="2.082"/>
  <testcase name="Then click countinue button AnnaHelpLine" classname="AnnaHelp Line" time="3.187"/>
  <testcase name="Then click countinue button AnnaHelpLine" classname="AnnaHelp Line" time="3.132"/>
  <testcase name="Then click countinue button AnnaHelpLine" classname="AnnaHelp Line" time="3.11"/>
  <testcase name="Enter otp" classname="AnnaHelp Line" time="0.103"/>
  <testcase name="Wait action for &quot;10&quot; seconds AnnaHelpLine" classname="AnnaHelp Line" time="10.009"/>
  <testcase name="Click new Complaint" classname="AnnaHelp Line" time="2.742"/>
  <testcase name="select issue location" classname="AnnaHelp Line" time="0.19"/>
  <testcase name="select issue Street" classname="AnnaHelp Line" time="30.753">
    <error message="Expected condition failed: waiting for visibility of element located by By.xpath: //select[@formcontrolname=&apos;issueStreet&apos;]//option[contains(text(),&apos;Krishnappa Street&apos;)] (tried for 30 second(s) with 500 milliseconds interval)" type="org.openqa.selenium.TimeoutException">org.openqa.selenium.TimeoutException: Expected condition failed: waiting for visibility of element located by By.xpath: //select[@formcontrolname='issueStreet']//option[contains(text(),'Krishnappa Street')] (tried for 30 second(s) with 500 milliseconds interval)
Caused by: org.openqa.selenium.NoSuchElementException: 
no such element: Unable to locate element: {"method":"xpath","selector":"//select[@formcontrolname='issueStreet']//option[contains(text(),'Krishnappa Street')]"}
  (Session info: chrome=92.0.4515.131)
For documentation on this error, please visit: https://www.seleniumhq.org/exceptions/no_such_element.html
Build info: version: '3.141.59', revision: 'e82be7d358', time: '2018-11-14T08:17:03'
System info: host: 'DESKTOP-N00LOFS', ip: '172.24.32.1', os.name: 'Windows 10', os.arch: 'amd64', os.version: '10.0', java.version: '11.0.8'
Driver info: org.openqa.selenium.chrome.ChromeDriver
Capabilities {acceptInsecureCerts: false, browserName: chrome, browserVersion: 92.0.4515.131, chrome: {chromedriverVersion: 92.0.4515.107 (87a818b10553..., userDataDir: C:\Users\BAVITH~1\AppData\L...}, goog:chromeOptions: {debuggerAddress: localhost:64068}, javascriptEnabled: true, networkConnectionEnabled: false, pageLoadStrategy: normal, platform: WINDOWS, platformName: WINDOWS, proxy: Proxy(), setWindowRect: true, strictFileInteractability: false, timeouts: {implicit: 0, pageLoad: 300000, script: 30000}, unhandledPromptBehavior: dismiss and notify, webauthn:extension:credBlob: true, webauthn:extension:largeBlob: true, webauthn:virtualAuthenticators: true}
Session ID: c46c565eb353543a3aeeedb722593c44
*** Element info: {Using=xpath, value=//select[@formcontrolname='issueStreet']//option[contains(text(),'Krishnappa Street')]}
</error>
    <system-out><![CDATA[  Then select issue location                     # stepDefinitions.annaHelpLineStepDefs.select_issue_location()
]]></system-out>
  </testcase>
  <testcase name="select issue issueCategory" classname="AnnaHelp Line" time="0">
    <skipped message="This step is skipped"/>
    <system-out><![CDATA[  Then select issue Street                       # stepDefinitions.annaHelpLineStepDefs.select_issue_street()
      org.openqa.selenium.TimeoutException: Expected condition failed: waiting for visibility of element located by By.xpath: //select[@formcontrolname='issueStreet']//option[contains(text(),'Krishnappa Street')] (tried for 30 second(s) with 500 milliseconds interval)
	at org.openqa.selenium.support.ui.WebDriverWait.timeoutException(WebDriverWait.java:95)
	at org.openqa.selenium.support.ui.FluentWait.until(FluentWait.java:272)
	at cucumber.mainPageForAnnaHelpLine.selectStreet(mainPageForAnnaHelpLine.java:84)
	at stepDefinitions.annaHelpLineStepDefs.select_issue_street(annaHelpLineStepDefs.java:83)
	at âœ½.select issue Street(file:///D:/cucumberLatest/automation/src/test/java/features/AnnaHelpLine.feature:17)
Caused by: org.openqa.selenium.NoSuchElementException: no such element: Unable to locate element: {"method":"xpath","selector":"//select[@formcontrolname='issueStreet']//option[contains(text(),'Krishnappa Street')]"}
  (Session info: chrome=92.0.4515.131)
For documentation on this error, please visit: https://www.seleniumhq.org/exceptions/no_such_element.html
Build info: version: '3.141.59', revision: 'e82be7d358', time: '2018-11-14T08:17:03'
System info: host: 'DESKTOP-N00LOFS', ip: '172.24.32.1', os.name: 'Windows 10', os.arch: 'amd64', os.version: '10.0', java.version: '11.0.8'
Driver info: org.openqa.selenium.chrome.ChromeDriver
Capabilities {acceptInsecureCerts: false, browserName: chrome, browserVersion: 92.0.4515.131, chrome: {chromedriverVersion: 92.0.4515.107 (87a818b10553..., userDataDir: C:\Users\BAVITH~1\AppData\L...}, goog:chromeOptions: {debuggerAddress: localhost:64068}, javascriptEnabled: true, networkConnectionEnabled: false, pageLoadStrategy: normal, platform: WINDOWS, platformName: WINDOWS, proxy: Proxy(), setWindowRect: true, strictFileInteractability: false, timeouts: {implicit: 0, pageLoad: 300000, script: 30000}, unhandledPromptBehavior: dismiss and notify, webauthn:extension:credBlob: true, webauthn:extension:largeBlob: true, webauthn:virtualAuthenticators: true}
Session ID: c46c565eb353543a3aeeedb722593c44
*** Element info: {Using=xpath, value=//select[@formcontrolname='issueStreet']//option[contains(text(),'Krishnappa Street')]}
	at java.base/jdk.internal.reflect.NativeConstructorAccessorImpl.newInstance0(Native Method)
	at java.base/jdk.internal.reflect.NativeConstructorAccessorImpl.newInstance(NativeConstructorAccessorImpl.java:62)
	at java.base/jdk.internal.reflect.DelegatingConstructorAccessorImpl.newInstance(DelegatingConstructorAccessorImpl.java:45)
	at java.base/java.lang.reflect.Constructor.newInstance(Constructor.java:490)
	at org.openqa.selenium.remote.http.W3CHttpResponseCodec.createException(W3CHttpResponseCodec.java:187)
	at org.openqa.selenium.remote.http.W3CHttpResponseCodec.decode(W3CHttpResponseCodec.java:122)
	at org.openqa.selenium.remote.http.W3CHttpResponseCodec.decode(W3CHttpResponseCodec.java:49)
	at org.openqa.selenium.remote.HttpCommandExecutor.execute(HttpCommandExecutor.java:158)
	at org.openqa.selenium.remote.service.DriverCommandExecutor.execute(DriverCommandExecutor.java:83)
	at org.openqa.selenium.remote.RemoteWebDriver.execute(RemoteWebDriver.java:552)
	at org.openqa.selenium.remote.RemoteWebDriver.findElement(RemoteWebDriver.java:323)
	at org.openqa.selenium.remote.RemoteWebDriver.findElementByXPath(RemoteWebDriver.java:428)
	at org.openqa.selenium.By$ByXPath.findElement(By.java:353)
	at org.openqa.selenium.remote.RemoteWebDriver.findElement(RemoteWebDriver.java:315)
	at org.openqa.selenium.support.ui.ExpectedConditions$7.apply(ExpectedConditions.java:205)
	at org.openqa.selenium.support.ui.ExpectedConditions$7.apply(ExpectedConditions.java:201)
	at org.openqa.selenium.support.ui.FluentWait.until(FluentWait.java:249)
	at cucumber.mainPageForAnnaHelpLine.selectStreet(mainPageForAnnaHelpLine.java:84)
	at stepDefinitions.annaHelpLineStepDefs.select_issue_street(annaHelpLineStepDefs.java:83)
	at java.base/jdk.internal.reflect.NativeMethodAccessorImpl.invoke0(Native Method)
	at java.base/jdk.internal.reflect.NativeMethodAccessorImpl.invoke(NativeMethodAccessorImpl.java:62)
	at java.base/jdk.internal.reflect.DelegatingMethodAccessorImpl.invoke(DelegatingMethodAccessorImpl.java:43)
	at java.base/java.lang.reflect.Method.invoke(Method.java:566)
	at io.cucumber.java.Invoker.doInvoke(Invoker.java:66)
	at io.cucumber.java.Invoker.invoke(Invoker.java:24)
	at io.cucumber.java.AbstractGlueDefinition.invokeMethod(AbstractGlueDefinition.java:47)
	at io.cucumber.java.JavaStepDefinition.execute(JavaStepDefinition.java:29)
	at io.cucumber.core.runner.CoreStepDefinition.execute(CoreStepDefinition.java:66)
	at io.cucumber.core.runner.PickleStepDefinitionMatch.runStep(PickleStepDefinitionMatch.java:63)
	at io.cucumber.core.runner.ExecutionMode$1.execute(ExecutionMode.java:10)
	at io.cucumber.core.runner.TestStep.executeStep(TestStep.java:92)
	at io.cucumber.core.runner.TestStep.run(TestStep.java:64)
	at io.cucumber.core.runner.PickleStepTestStep.run(PickleStepTestStep.java:51)
	at io.cucumber.core.runner.TestCase.run(TestCase.java:104)
	at io.cucumber.core.runner.Runner.runPickle(Runner.java:73)
	at io.cucumber.junit.PickleRunners$WithStepDescriptions.run(PickleRunners.java:110)
	at io.cucumber.junit.FeatureRunner.runChild(FeatureRunner.java:135)
	at io.cucumber.junit.FeatureRunner.runChild(FeatureRunner.java:27)
	at org.junit.runners.ParentRunner$3.run(ParentRunner.java:238)
	at org.junit.runners.ParentRunner$1.schedule(ParentRunner.java:63)
	at org.junit.runners.ParentRunner.runChildren(ParentRunner.java:236)
	at org.junit.runners.ParentRunner.access$000(ParentRunner.java:53)
	at org.junit.runners.ParentRunner$2.evaluate(ParentRunner.java:229)
	at org.junit.runners.ParentRunner.run(ParentRunner.java:309)
	at io.cucumber.junit.Cucumber.runChild(Cucumber.java:200)
	at io.cucumber.junit.Cucumber.runChild(Cucumber.java:90)
	at org.junit.runners.ParentRunner$3.run(ParentRunner.java:238)
	at org.junit.runners.ParentRunner$1.schedule(ParentRunner.java:63)
	at org.junit.runners.ParentRunner.runChildren(ParentRunner.java:236)
	at org.junit.runners.ParentRunner.access$000(ParentRunner.java:53)
	at org.junit.runners.ParentRunner$2.evaluate(ParentRunner.java:229)
	at io.cucumber.junit.Cucumber$RunCucumber.evaluate(Cucumber.java:235)
	at org.junit.runners.ParentRunner.run(ParentRunner.java:309)
	at org.apache.maven.surefire.junit4.JUnit4Provider.execute(JUnit4Provider.java:365)
	at org.apache.maven.surefire.junit4.JUnit4Provider.executeWithRerun(JUnit4Provider.java:273)
	at org.apache.maven.surefire.junit4.JUnit4Provider.executeTestSet(JUnit4Provider.java:238)
	at org.apache.maven.surefire.junit4.JUnit4Provider.invoke(JUnit4Provider.java:159)
	at org.apache.maven.surefire.booter.ForkedBooter.invokeProviderInSameClassLoader(ForkedBooter.java:384)
	at org.apache.maven.surefire.booter.ForkedBooter.runSuitesInProcess(ForkedBooter.java:345)
	at org.apache.maven.surefire.booter.ForkedBooter.execute(ForkedBooter.java:126)
	at org.apache.maven.surefire.booter.ForkedBooter.main(ForkedBooter.java:418)

]]></system-out>
  </testcase>
  <testcase name="select issue issue" classname="AnnaHelp Line" time="0">
    <skipped message="This step is skipped"/>
    <system-out><![CDATA[  Then select issue issueCategory                # stepDefinitions.annaHelpLineStepDefs.select_issue_issue_category()
]]></system-out>
  </testcase>
  <testcase name="select specific issue" classname="AnnaHelp Line" time="0">
    <skipped message="This step is skipped"/>
    <system-out><![CDATA[  Then select issue issue                        # stepDefinitions.annaHelpLineStepDefs.select_issue_issue()
]]></system-out>
  </testcase>
  <testcase name="click submit" classname="AnnaHelp Line" time="0">
    <skipped message="This step is skipped"/>
    <system-out><![CDATA[  Then select specific issue                     # stepDefinitions.annaHelpLineStepDefs.select_specific_issue()
]]></system-out>
  </testcase>
  <testcase name="AnnaHelp Line" classname="AnnaHelp Line" time="0.003">
    <error message="Expected condition failed: waiting for visibility of element located by By.xpath: //select[@formcontrolname=&apos;issueStreet&apos;]//option[contains(text(),&apos;Krishnappa Street&apos;)] (tried for 30 second(s) with 500 milliseconds interval)" type="org.openqa.selenium.TimeoutException">org.openqa.selenium.TimeoutException: Expected condition failed: waiting for visibility of element located by By.xpath: //select[@formcontrolname='issueStreet']//option[contains(text(),'Krishnappa Street')] (tried for 30 second(s) with 500 milliseconds interval)
Caused by: org.openqa.selenium.NoSuchElementException: 
no such element: Unable to locate element: {"method":"xpath","selector":"//select[@formcontrolname='issueStreet']//option[contains(text(),'Krishnappa Street')]"}
  (Session info: chrome=92.0.4515.131)
For documentation on this error, please visit: https://www.seleniumhq.org/exceptions/no_such_element.html
Build info: version: '3.141.59', revision: 'e82be7d358', time: '2018-11-14T08:17:03'
System info: host: 'DESKTOP-N00LOFS', ip: '172.24.32.1', os.name: 'Windows 10', os.arch: 'amd64', os.version: '10.0', java.version: '11.0.8'
Driver info: org.openqa.selenium.chrome.ChromeDriver
Capabilities {acceptInsecureCerts: false, browserName: chrome, browserVersion: 92.0.4515.131, chrome: {chromedriverVersion: 92.0.4515.107 (87a818b10553..., userDataDir: C:\Users\BAVITH~1\AppData\L...}, goog:chromeOptions: {debuggerAddress: localhost:64068}, javascriptEnabled: true, networkConnectionEnabled: false, pageLoadStrategy: normal, platform: WINDOWS, platformName: WINDOWS, proxy: Proxy(), setWindowRect: true, strictFileInteractability: false, timeouts: {implicit: 0, pageLoad: 300000, script: 30000}, unhandledPromptBehavior: dismiss and notify, webauthn:extension:credBlob: true, webauthn:extension:largeBlob: true, webauthn:virtualAuthenticators: true}
Session ID: c46c565eb353543a3aeeedb722593c44
*** Element info: {Using=xpath, value=//select[@formcontrolname='issueStreet']//option[contains(text(),'Krishnappa Street')]}
</error>
    <system-out><![CDATA[  Then click submit                              # stepDefinitions.annaHelpLineStepDefs.click_submit()
]]></system-out>
  </testcase>
</testsuite>