<?xml version="1.0" encoding="UTF-8"?>
<testsuite xmlns:xsi="http://www.w3.org/2001/XMLSchema-instance" xsi:noNamespaceSchemaLocation="https://maven.apache.org/surefire/maven-surefire-plugin/xsd/surefire-test-report-3.0.xsd" version="3.0" name="cucumberOptions.TestRunner" time="76.182" tests="20" errors="0" skipped="0" failures="0">
  <properties>
[...]
</properties>
  <testcase name="Access BrowserStack For AnnaHelpLine" classname="AnnaHelp Line" time="6.87"/>
  <testcase name="Launch chrome browser for AnnaHelpLine" classname="AnnaHelp Line" time="1.723"/>
  <testcase name="Click Login for AnnaHelpLine" classname="AnnaHelp Line" time="0.471"/>
  <testcase name="Enter Phone number for AnnaHelpLine" classname="AnnaHelp Line" time="3.473"/>
  <testcase name="Then click countinue button AnnaHelpLine" classname="AnnaHelp Line" time="3.491"/>
  <testcase name="Then click countinue button AnnaHelpLine" classname="AnnaHelp Line" time="3.847"/>
  <testcase name="Then click countinue button AnnaHelpLine" classname="AnnaHelp Line" time="3.535"/>
  <testcase name="Enter otp" classname="AnnaHelp Line" time="0.39"/>
  <testcase name="Wait action for &quot;10&quot; seconds AnnaHelpLine" classname="AnnaHelp Line" time="10.006"/>
  <testcase name="Click new Complaint" classname="AnnaHelp Line" time="3.651"/>
  <testcase name="choose issue location" classname="AnnaHelp Line" time="4.269"/>
  <testcase name="choose issue street" classname="AnnaHelp Line" time="4.225"/>
  <testcase name="enter Address" classname="AnnaHelp Line" time="1.503"/>
  <testcase name="choose issue category" classname="AnnaHelp Line" time="4.242"/>
  <testcase name="choose issue" classname="AnnaHelp Line" time="4.137"/>
  <testcase name="choose specific issue" classname="AnnaHelp Line" time="4.564"/>
  <testcase name="enter issue details" classname="AnnaHelp Line" time="0.499"/>
  <testcase name="click submit" classname="AnnaHelp Line" time="0.376"/>
  <testcase name="Verify complaint creation" classname="AnnaHelp Line" time="3.686"/>
  <testcase name="AnnaHelp Line" classname="AnnaHelp Line" time="3.691"/>
</testsuite>